Лог: support_emails_failed.log
================================================================================

================================================================================
❌ ОШИБКА ОТПРАВКИ: 2026-01-14 20:41:31.954754+00:00
Ошибка: (535, b'5.7.8 Username and Password not accepted. For more information, go to\n5.7.8  https://support.google.com/mail/?p=BadCredentials 2adb3069b0e04-59ba101b463sm998248e87.9 - gsmtp')
Кому: valentin.borisov.ru@gmail.com
Тема: [QRWarehouse] Обращение в техподдержку: йоуууу
От: workowner <workowner@3996929>
Сообщение:

        📧 НОВОЕ ОБРАЩЕНИЕ В ТЕХНИЧЕСКУЮ ПОДДЕРЖКУ
        
        🔹 ОТПРАВИТЕЛЬ:
        • Имя: workowner
        • Email: workowner@3996929
        
        🔹 ИНФОРМАЦИЯ О ПОЛЬЗОВАТЕЛЕ:
        • Роль: worker
        • Компания: Компания 1
        • Домен компании: 1
        
        🔹 ИНФОРМАЦИЯ ИЗ СИСТЕМЫ:
        • ID пользователя: 21
        • Email пользователя: workowner@3996929
        • Название компании: Компания 1
        • Домен компании: 1
        
        📝 СООБЩЕНИЕ:
        Тема: йоуууу
        
        проверка
        
        ---
        📅 Дата обращения: 14.01.2026 20:41:31
        🤖 Это автоматическое сообщение от системы QRWarehouse.
        
================================================================================

================================================================================
❌ ОШИБКА ОТПРАВКИ: 2026-01-14 20:47:01.023199+00:00
Ошибка: (535, b'5.7.8 Username and Password not accepted. For more information, go to\n5.7.8  https://support.google.com/mail/?p=BadCredentials 2adb3069b0e04-59ba101b463sm1001895e87.9 - gsmtp')
Кому: valentin.borisov.ru@gmail.com
Тема: [QRWarehouse] Обращение в техподдержку: ыввы
От: workowner <workowner@3996929>
Сообщение:

        📧 НОВОЕ ОБРАЩЕНИЕ В ТЕХНИЧЕСКУЮ ПОДДЕРЖКУ
        
        🔹 ОТПРАВИТЕЛЬ:
        • Имя: workowner
        • Email: workowner@3996929
        
        🔹 ИНФОРМАЦИЯ О ПОЛЬЗОВАТЕЛЕ:
        • Роль: worker
        • Компания: Компания 1
        • Домен компании: 1
        
        🔹 ИНФОРМАЦИЯ ИЗ СИСТЕМЫ:
        • ID пользователя: 21
        • Email пользователя: workowner@3996929
        • Название компании: Компания 1
        • Домен компании: 1
        
        📝 СООБЩЕНИЕ:
        Тема: ыввы
        
        вывыв
        
        ---
        📅 Дата обращения: 14.01.2026 20:47:00
        🤖 Это автоматическое сообщение от системы QRWarehouse.
        
================================================================================

================================================================================
❌ ОШИБКА ОТПРАВКИ: 2026-01-14 20:51:36.510160+00:00
Ошибка: (535, b'5.7.8 Username and Password not accepted. For more information, go to\n5.7.8  https://support.google.com/mail/?p=BadCredentials 2adb3069b0e04-59ba10410fdsm1016620e87.55 - gsmtp')
Кому: valentin.borisov.ru@gmail.com
Тема: [QRWarehouse] Обращение в техподдержку: вы
От: workowner <workowner@3996929>
Сообщение:

        📧 НОВОЕ ОБРАЩЕНИЕ В ТЕХНИЧЕСКУЮ ПОДДЕРЖКУ
        
        🔹 ОТПРАВИТЕЛЬ:
        • Имя: workowner
        • Email: workowner@3996929
        
        🔹 ИНФОРМАЦИЯ О ПОЛЬЗОВАТЕЛЕ:
        • Роль: worker
        • Компания: Компания 1
        • Домен компании: 1
        
        🔹 ИНФОРМАЦИЯ ИЗ СИСТЕМЫ:
        • ID пользователя: 21
        • Email пользователя: workowner@3996929
        • Название компании: Компания 1
        • Домен компании: 1
        
        📝 СООБЩЕНИЕ:
        Тема: вы
        
        вывыв
        
        ---
        📅 Дата обращения: 14.01.2026 20:51:35
        🤖 Это автоматическое сообщение от системы QRWarehouse.
        
================================================================================

================================================================================
❌ ОШИБКА ОТПРАВКИ: 2026-01-14 20:59:22.501773+00:00
Ошибка: (535, b'5.7.8 Username and Password not accepted. For more information, go to\n5.7.8  https://support.google.com/mail/?p=BadCredentials 38308e7fff4ca-382eb8f478dsm55097511fa.37 - gsmtp')
Кому: valentin.borisov.ru@gmail.com
Тема: [QRWarehouse] Обращение в техподдержку: sfdsd
От: workowner <workowner@3996929>
Сообщение:

        📧 НОВОЕ ОБРАЩЕНИЕ В ТЕХНИЧЕСКУЮ ПОДДЕРЖКУ
        
        🔹 ОТПРАВИТЕЛЬ:
        • Имя: workowner
        • Email: workowner@3996929
        
        🔹 ИНФОРМАЦИЯ О ПОЛЬЗОВАТЕЛЕ:
        • Роль: worker
        • Компания: Компания 1
        • Домен компании: 1
        
        🔹 ИНФОРМАЦИЯ ИЗ СИСТЕМЫ:
        • ID пользователя: 21
        • Email пользователя: workowner@3996929
        • Название компании: Компания 1
        • Домен компании: 1
        
        📝 СООБЩЕНИЕ:
        Тема: sfdsd
        
        121
        
        ---
        📅 Дата обращения: 14.01.2026 20:59:22
        🤖 Это автоматическое сообщение от системы QRWarehouse.
        
================================================================================

================================================================================
❌ ОШИБКА ОТПРАВКИ: 2026-01-14 21:05:28.719762+00:00
Ошибка: (535, b'5.7.8 Username and Password not accepted. For more information, go to\n5.7.8  https://support.google.com/mail/?p=BadCredentials 2adb3069b0e04-59ba1045c3fsm1002103e87.82 - gsmtp')
Кому: valentin.borisov.ru@gmail.com
Тема: [QRWarehouse] Обращение в техподдержку: dfdf
От: workowner <workowner@3996929>
Сообщение:

        📧 НОВОЕ ОБРАЩЕНИЕ В ТЕХНИЧЕСКУЮ ПОДДЕРЖКУ
        
        🔹 ОТПРАВИТЕЛЬ:
        • Имя: workowner
        • Email: workowner@3996929
        
        🔹 ИНФОРМАЦИЯ О ПОЛЬЗОВАТЕЛЕ:
        • Роль: worker
        • Компания: Компания 1
        • Домен компании: 1
        
        🔹 ИНФОРМАЦИЯ ИЗ СИСТЕМЫ:
        • ID пользователя: 21
        • Email пользователя: workowner@3996929
        • Название компании: Компания 1
        • Домен компании: 1
        
        📝 СООБЩЕНИЕ:
        Тема: dfdf
        
        dfdf
        
        ---
        📅 Дата обращения: 14.01.2026 21:05:28
        🤖 Это автоматическое сообщение от системы QRWarehouse.
        
================================================================================
